#
# There is insufficient memory for the Java Runtime Environment to continue.
# Native memory allocation (mmap) failed to map 53477376 bytes for Failed to commit area from 0x000000008ed00000 to 0x0000000092000000 of length 53477376.
# Possible reasons:
#   The system is out of physical RAM or swap space
#   The process is running with CompressedOops enabled, and the Java Heap may be blocking the growth of the native heap
# Possible solutions:
#   Reduce memory load on the system
#   Increase physical memory or swap space
#   Check if swap backing store is full
#   Decrease Java heap size (-Xmx/-Xms)
#   Decrease number of Java threads
#   Decrease Java thread stack sizes (-Xss)
#   Set larger code cache with -XX:ReservedCodeCacheSize=
#   JVM is running with Unscaled Compressed Oops mode in which the Java heap is
#     placed in the first 4GB address space. The Java Heap base address is the
#     maximum limit for the native heap growth. Please use -XX:HeapBaseMinAddress
#     to set the Java Heap base and to place the Java Heap above 4GB virtual address.
# This output file may be truncated or incomplete.
#
#  Out of Memory Error (src/hotspot/os/windows/os_windows.cpp:3627), pid=8532, tid=4580
#
# JRE version: OpenJDK Runtime Environment (11.0.15) (build 11.0.15+0-b2043.56-9505619)
# Java VM: OpenJDK 64-Bit Server VM (11.0.15+0-b2043.56-9505619, mixed mode, tiered, compressed oops, g1 gc, windows-amd64)
# No core dump will be written. Minidumps are not enabled by default on client versions of Windows
#

---------------  S U M M A R Y ------------

Command Line: org.jetbrains.kotlin.cli.jvm.K2JVMCompiler @C:\Users\drsle\Desktop\gitHUB\Samolet\app\build\20230608_12263045204933753334.compiler.options

Host: 11th Gen Intel(R) Core(TM) i7-1165G7 @ 2.80GHz, 8 cores, 7G,  Windows 11 , 64 bit Build 22621 (10.0.22621.1778)
Time: Thu Jun  8 18:46:23 2023 RTZ 2 (s 11 , 64 bit Build 22621 (10.0.22621.1778) elapsed time: 9.070915 seconds (0d 0h 0m 9s)

---------------  T H R E A D  ---------------

Current thread (0x000001d74ef50800):  VMThread "VM Thread" [stack: 0x0000004957e00000,0x0000004957f00000] [id=4580]

Stack: [0x0000004957e00000,0x0000004957f00000]
[error occurred during error reporting (printing stack bounds), id 0xc0000005, EXCEPTION_ACCESS_VIOLATION (0xc0000005) at pc=0x000001d7380812e7]

Native frames: (J=compiled Java code, j=interpreted, Vv=VM code, C=native code)
V  [jvm.dll+0x64135a]
V  [jvm.dll+0x7d39f9]
V  [jvm.dll+0x7d51b9]
V  [jvm.dll+0x7d5805]
V  [jvm.dll+0x7d57bb]
V  [jvm.dll+0x640655]
V  [jvm.dll+0x640d68]
C  [ntdll.dll+0xa3cff]
C  [ntdll.dll+0x1e456]
C  [ntdll.dll+0xa2cee]
C  0x000001d7380812e7

VM_Operation (0x00000049578fa740): G1CollectForAllocation, mode: safepoint, requested by thread 0x000001d73455c000


---------------  P R O C E S S  ---------------

Threads class SMR info:
_java_thread_list=0x000001d7523fd4d0, length=12, elements={
0x000001d73455c000, 0x000001d74e728000, 0x000001d74e736000, 0x000001d74ef56000,
0x000001d74ef57800, 0x000001d74ef59800, 0x000001d74ef5f800, 0x000001d74efac800,
0x000001d74efb6800, 0x000001d74f114000, 0x000001d74f10e000, 0x000001d7528f1000
}

Java Threads: ( => current thread )
  0x000001d73455c000 JavaThread "main" [_thread_blocked, id=10516, stack(0x0000004957800000,0x0000004957900000)]
  0x000001d74e728000 JavaThread "Reference Handler" daemon [_thread_blocked, id=9420, stack(0x0000004957f00000,0x0000004958000000)]
  0x000001d74e736000 JavaThread "Finalizer" daemon [_thread_blocked, id=13148, stack(0x0000004958000000,0x0000004958100000)]
  0x000001d74ef56000 JavaThread "Signal Dispatcher" daemon [_thread_blocked, id=10784, stack(0x0000004958100000,0x0000004958200000)]
  0x000001d74ef57800 JavaThread "Attach Listener" daemon [_thread_blocked, id=4708, stack(0x0000004958200000,0x0000004958300000)]
  0x000001d74ef59800 JavaThread "Service Thread" daemon [_thread_blocked, id=11496, stack(0x0000004958300000,0x0000004958400000)]
  0x000001d74ef5f800 JavaThread "C2 CompilerThread0" daemon [_thread_blocked, id=13092, stack(0x0000004958400000,0x0000004958500000)]
  0x000001d74efac800 JavaThread "C1 CompilerThread0" daemon [_thread_blocked, id=8384, stack(0x0000004958500000,0x0000004958600000)]
  0x000001d74efb6800 JavaThread "Sweeper thread" daemon [_thread_blocked, id=7632, stack(0x0000004958600000,0x0000004958700000)]
  0x000001d74f114000 JavaThread "Common-Cleaner" daemon [_thread_blocked, id=3136, stack(0x0000004958800000,0x0000004958900000)]
  0x000001d74f10e000 JavaThread "C2 CompilerThread1" daemon [_thread_in_native, id=4396, stack(0x0000004958900000,0x0000004958a00000)]
  0x000001d7528f1000 JavaThread "C2 CompilerThread2" daemon [_thread_in_native, id=3032, stack(0x0000004958c00000,0x0000004958d00000)]

Other Threads:
=>0x000001d74ef50800 VMThread "VM Thread" [stack: 0x0000004957e00000,0x0000004957f00000] [id=4580]
  0x000001d74f10c000 WatcherThread [stack: 0x0000004958700000,0x0000004958800000] [id=13684]
  0x000001d734574800 GCTaskThread "GC Thread#0" [stack: 0x0000004957900000,0x0000004957a00000] [id=9088]
  0x000001d74f895800 GCTaskThread "GC Thread#1" [stack: 0x0000004958b00000,0x0000004958c00000] [id=8204]
  0x000001d754692000 GCTaskThread "GC Thread#2" [stack: 0x0000004958d00000,0x0000004958e00000] [id=10840]
  0x000001d7345a7800 ConcurrentGCThread "G1 Main Marker" [stack: 0x0000004957a00000,0x0000004957b00000] [id=12712]
  0x000001d7345a9800 ConcurrentGCThread "G1 Conc#0" [stack: 0x0000004957b00000,0x0000004957c00000] [id=6840]
  0x000001d74f17a800 ConcurrentGCThread "G1 Conc#1" [stack: 0x0000004958a00000,0x0000004958b00000] [id=8352]
  0x000001d74e560800 ConcurrentGCThread "G1 Refine#0" [stack: 0x0000004957c00000,0x0000004957d00000] [id=9136]
  0x000001d73462e800 ConcurrentGCThread "G1 Young RemSet Sampling" [stack: 0x0000004957d00000,0x0000004957e00000] [id=5244]

Threads with active compile tasks:
C2 CompilerThread0     9082 8690       4       org.jetbrains.kotlin.com.intellij.extapi.psi.StubBasedPsiElementBase::getStubOrPsiChildren (115 bytes)
C1 CompilerThread0     9082 8712       3       org.jetbrains.kotlin.types.model.TypeSystemContext::size (93 bytes)
C2 CompilerThread1     9082 8671       4       org.jetbrains.kotlin.name.FqNameUnsafe::pathSegments (39 bytes)
C2 CompilerThread2     9082 8597       4       org.jetbrains.kotlin.cli.jvm.index.JvmDependenciesIndexImpl::search (379 bytes)

VM state:at safepoint (normal execution)

VM Mutex/Monitor currently owned by a thread:  ([mutex/lock_event])
[0x000001d734558e90] Threads_lock - owner thread: 0x000001d74ef50800
[0x000001d7345583e0] Heap_lock - owner thread: 0x000001d73455c000

Heap address: 0x0000000085000000, size: 1968 MB, Compressed Oops mode: 32-bit
Narrow klass base: 0x0000000000000000, Narrow klass shift: 3
Compressed class space size: 1073741824 Address: 0x0000000100000000

Heap:
 garbage-first heap   total 212992K, used 59691K [0x0000000085000000, 0x0000000100000000)
  region size 1024K, 7 young (7168K), 7 survivors (7168K)
 Metaspace       used 65193K, capacity 65964K, committed 66256K, reserved 1107968K
  class space    used 7320K, capacity 7643K, committed 7728K, reserved 1048576K
Heap Regions: E=young(eden), S=young(survivor), O=old, HS=humongous(starts), HC=humongous(continues), CS=collection set, F=free, A=archive, TAMS=top-at-mark-start (previous, next)
|   0|0x0000000085000000, 0x0000000085100000, 0x0000000085100000|100%|HS|  |TAMS 0x0000000085100000, 0x0000000085000000| Complete 
|   1|0x0000000085100000, 0x0000000085200000, 0x0000000085200000|100%|HC|  |TAMS 0x0000000085200000, 0x0000000085100000| Complete 
|   2|0x0000000085200000, 0x0000000085300000, 0x0000000085300000|100%|HC|  |TAMS 0x0000000085300000, 0x0000000085200000| Complete 
|   3|0x0000000085300000, 0x0000000085400000, 0x0000000085400000|100%|HC|  |TAMS 0x0000000085400000, 0x0000000085300000| Complete 
|   4|0x0000000085400000, 0x0000000085500000, 0x0000000085500000|100%|HS|  |TAMS 0x0000000085500000, 0x0000000085400000| Complete 
|   5|0x0000000085500000, 0x0000000085600000, 0x0000000085600000|100%|HC|  |TAMS 0x0000000085600000, 0x0000000085500000| Complete 
|   6|0x0000000085600000, 0x0000000085700000, 0x0000000085700000|100%|HC|  |TAMS 0x0000000085700000, 0x0000000085600000| Complete 
|   7|0x0000000085700000, 0x0000000085800000, 0x0000000085800000|100%|HC|  |TAMS 0x0000000085800000, 0x0000000085700000| Complete 
|   8|0x0000000085800000, 0x0000000085900000, 0x0000000085900000|100%| O|  |TAMS 0x0000000085900000, 0x0000000085800000| Untracked 
|   9|0x0000000085900000, 0x0000000085a00000, 0x0000000085a00000|100%| O|  |TAMS 0x0000000085a00000, 0x0000000085900000| Untracked 
|  10|0x0000000085a00000, 0x0000000085b00000, 0x0000000085b00000|100%| O|  |TAMS 0x0000000085b00000, 0x0000000085a00000| Untracked 
|  11|0x0000000085b00000, 0x0000000085c00000, 0x0000000085c00000|100%| O|  |TAMS 0x0000000085c00000, 0x0000000085b00000| Untracked 
|  12|0x0000000085c00000, 0x0000000085d00000, 0x0000000085d00000|100%| O|  |TAMS 0x0000000085d00000, 0x0000000085c00000| Untracked 
|  13|0x0000000085d00000, 0x0000000085e00000, 0x0000000085e00000|100%| O|  |TAMS 0x0000000085e00000, 0x0000000085d00000| Untracked 
|  14|0x0000000085e00000, 0x0000000085f00000, 0x0000000085f00000|100%| O|  |TAMS 0x0000000085f00000, 0x0000000085e00000| Untracked 
|  15|0x0000000085f00000, 0x0000000086000000, 0x0000000086000000|100%| O|  |TAMS 0x0000000086000000, 0x0000000085f00000| Untracked 
|  16|0x0000000086000000, 0x0000000086100000, 0x0000000086100000|100%| O|  |TAMS 0x0000000086100000, 0x0000000086000000| Untracked 
|  17|0x0000000086100000, 0x0000000086200000, 0x0000000086200000|100%| O|  |TAMS 0x0000000086200000, 0x0000000086100000| Untracked 
|  18|0x0000000086200000, 0x0000000086300000, 0x0000000086300000|100%| O|  |TAMS 0x0000000086300000, 0x0000000086200000| Untracked 
|  19|0x0000000086300000, 0x0000000086400000, 0x0000000086400000|100%| O|  |TAMS 0x0000000086400000, 0x0000000086300000| Untracked 
|  20|0x0000000086400000, 0x0000000086500000, 0x0000000086500000|100%| O|  |TAMS 0x0000000086500000, 0x0000000086400000| Untracked 
|  21|0x0000000086500000, 0x0000000086600000, 0x0000000086600000|100%| O|  |TAMS 0x0000000086600000, 0x0000000086500000| Untracked 
|  22|0x0000000086600000, 0x0000000086700000, 0x0000000086700000|100%| O|  |TAMS 0x0000000086700000, 0x0000000086600000| Untracked 
|  23|0x0000000086700000, 0x0000000086800000, 0x0000000086800000|100%|HS|  |TAMS 0x0000000086800000, 0x0000000086700000| Complete 
|  24|0x0000000086800000, 0x0000000086900000, 0x0000000086900000|100%|HC|  |TAMS 0x0000000086900000, 0x0000000086800000| Complete 
|  25|0x0000000086900000, 0x0000000086a00000, 0x0000000086a00000|100%| O|  |TAMS 0x0000000086a00000, 0x0000000086900000| Untracked 
|  26|0x0000000086a00000, 0x0000000086b00000, 0x0000000086b00000|100%| O|  |TAMS 0x0000000086b00000, 0x0000000086a00000| Untracked 
|  27|0x0000000086b00000, 0x0000000086c00000, 0x0000000086c00000|100%| O|  |TAMS 0x0000000086c00000, 0x0000000086b00000| Untracked 
|  28|0x0000000086c00000, 0x0000000086d00000, 0x0000000086d00000|100%| O|  |TAMS 0x0000000086d00000, 0x0000000086c00000| Untracked 
|  29|0x0000000086d00000, 0x0000000086e00000, 0x0000000086e00000|100%| O|  |TAMS 0x0000000086e00000, 0x0000000086d00000| Untracked 
|  30|0x0000000086e00000, 0x0000000086f00000, 0x0000000086f00000|100%| O|  |TAMS 0x0000000086f00000, 0x0000000086e00000| Untracked 
|  31|0x0000000086f00000, 0x0000000087000000, 0x0000000087000000|100%| O|  |TAMS 0x0000000087000000, 0x0000000086f00000| Untracked 
|  32|0x0000000087000000, 0x0000000087100000, 0x0000000087100000|100%| O|  |TAMS 0x0000000087100000, 0x0000000087000000| Untracked 
|  33|0x0000000087100000, 0x0000000087200000, 0x0000000087200000|100%| O|  |TAMS 0x0000000087200000, 0x0000000087100000| Untracked 
|  34|0x0000000087200000, 0x0000000087300000, 0x0000000087300000|100%| O|  |TAMS 0x0000000087300000, 0x0000000087200000| Untracked 
|  35|0x0000000087300000, 0x0000000087400000, 0x0000000087400000|100%| O|  |TAMS 0x0000000087400000, 0x0000000087300000| Untracked 
|  36|0x0000000087400000, 0x0000000087500000, 0x0000000087500000|100%| O|  |TAMS 0x0000000087500000, 0x0000000087400000| Untracked 
|  37|0x0000000087500000, 0x0000000087600000, 0x0000000087600000|100%| O|  |TAMS 0x0000000087600000, 0x0000000087500000| Untracked 
|  38|0x0000000087600000, 0x0000000087700000, 0x0000000087700000|100%| O|  |TAMS 0x0000000087700000, 0x0000000087600000| Untracked 
|  39|0x0000000087700000, 0x0000000087800000, 0x0000000087800000|100%| O|  |TAMS 0x0000000087800000, 0x0000000087700000| Untracked 
|  40|0x0000000087800000, 0x0000000087900000, 0x0000000087900000|100%| O|  |TAMS 0x0000000087900000, 0x0000000087800000| Untracked 
|  41|0x0000000087900000, 0x0000000087a00000, 0x0000000087a00000|100%| O|  |TAMS 0x0000000087a00000, 0x0000000087900000| Untracked 
|  42|0x0000000087a00000, 0x0000000087b00000, 0x0000000087b00000|100%| O|  |TAMS 0x0000000087b00000, 0x0000000087a00000| Untracked 
|  43|0x0000000087b00000, 0x0000000087c00000, 0x0000000087c00000|100%| O|  |TAMS 0x0000000087c00000, 0x0000000087b00000| Untracked 
|  44|0x0000000087c00000, 0x0000000087d00000, 0x0000000087d00000|100%| O|  |TAMS 0x0000000087d00000, 0x0000000087c00000| Untracked 
|  45|0x0000000087d00000, 0x0000000087e00000, 0x0000000087e00000|100%| O|  |TAMS 0x0000000087df6a00, 0x0000000087d00000| Untracked 
|  46|0x0000000087e00000, 0x0000000087e00000, 0x0000000087f00000|  0%| F|  |TAMS 0x0000000087e00000, 0x0000000087e00000| Untracked 
|  47|0x0000000087f00000, 0x0000000088000000, 0x0000000088000000|100%| O|  |TAMS 0x0000000087f00000, 0x0000000087f00000| Untracked 
|  48|0x0000000088000000, 0x0000000088100000, 0x0000000088100000|100%| O|  |TAMS 0x0000000088000000, 0x0000000088000000| Untracked 
|  49|0x0000000088100000, 0x0000000088200000, 0x0000000088200000|100%| O|  |TAMS 0x0000000088100000, 0x0000000088100000| Untracked 
|  50|0x0000000088200000, 0x0000000088300000, 0x0000000088300000|100%| O|  |TAMS 0x0000000088200000, 0x0000000088200000| Untracked 
|  51|0x0000000088300000, 0x0000000088400000, 0x0000000088400000|100%| O|  |TAMS 0x0000000088300000, 0x0000000088300000| Untracked 
|  52|0x0000000088400000, 0x0000000088480000, 0x0000000088500000| 50%| O|  |TAMS 0x0000000088400000, 0x0000000088400000| Untracked 
|  53|0x0000000088500000, 0x0000000088500000, 0x0000000088600000|  0%| F|  |TAMS 0x0000000088500000, 0x0000000088500000| Untracked 
|  54|0x0000000088600000, 0x0000000088600000, 0x0000000088700000|  0%| F|  |TAMS 0x0000000088600000, 0x0000000088600000| Untracked 
|  55|0x0000000088700000, 0x0000000088700000, 0x0000000088800000|  0%| F|  |TAMS 0x0000000088700000, 0x0000000088700000| Untracked 
|  56|0x0000000088800000, 0x0000000088800000, 0x0000000088900000|  0%| F|  |TAMS 0x0000000088800000, 0x0000000088800000| Untracked 
|  57|0x0000000088900000, 0x0000000088900000, 0x0000000088a00000|  0%| F|  |TAMS 0x0000000088900000, 0x0000000088900000| Untracked 
|  58|0x0000000088a00000, 0x0000000088a00000, 0x0000000088b00000|  0%| F|  |TAMS 0x0000000088a00000, 0x0000000088a00000| Untracked 
|  59|0x0000000088b00000, 0x0000000088b00000, 0x0000000088c00000|  0%| F|  |TAMS 0x0000000088b00000, 0x0000000088b00000| Untracked 
|  60|0x0000000088c00000, 0x0000000088c00000, 0x0000000088d00000|  0%| F|  |TAMS 0x0000000088c00000, 0x0000000088c00000| Untracked 
|  61|0x0000000088d00000, 0x0000000088d00000, 0x0000000088e00000|  0%| F|  |TAMS 0x0000000088d00000, 0x0000000088d00000| Untracked 
|  62|0x0000000088e00000, 0x0000000088e00000, 0x0000000088f00000|  0%| F|  |TAMS 0x0000000088e00000, 0x0000000088e00000| Untracked 
|  63|0x0000000088f00000, 0x0000000088f00000, 0x0000000089000000|  0%| F|  |TAMS 0x0000000088f00000, 0x0000000088f00000| Untracked 
|  64|0x0000000089000000, 0x0000000089000000, 0x0000000089100000|  0%| F|  |TAMS 0x0000000089000000, 0x0000000089000000| Untracked 
|  65|0x0000000089100000, 0x0000000089100000, 0x0000000089200000|  0%| F|  |TAMS 0x0000000089100000, 0x0000000089100000| Untracked 
|  66|0x0000000089200000, 0x0000000089200000, 0x0000000089300000|  0%| F|  |TAMS 0x0000000089200000, 0x0000000089200000| Untracked 
|  67|0x0000000089300000, 0x0000000089300000, 0x0000000089400000|  0%| F|  |TAMS 0x0000000089300000, 0x0000000089300000| Untracked 
|  68|0x0000000089400000, 0x0000000089400000, 0x0000000089500000|  0%| F|  |TAMS 0x0000000089400000, 0x0000000089400000| Untracked 
|  69|0x0000000089500000, 0x0000000089500000, 0x0000000089600000|  0%| F|  |TAMS 0x0000000089500000, 0x0000000089500000| Untracked 
|  70|0x0000000089600000, 0x0000000089600000, 0x0000000089700000|  0%| F|  |TAMS 0x0000000089600000, 0x0000000089600000| Untracked 
|  71|0x0000000089700000, 0x0000000089700000, 0x0000000089800000|  0%| F|  |TAMS 0x0000000089700000, 0x0000000089700000| Untracked 
|  72|0x0000000089800000, 0x0000000089800000, 0x0000000089900000|  0%| F|  |TAMS 0x0000000089800000, 0x0000000089800000| Untracked 
|  73|0x0000000089900000, 0x0000000089900000, 0x0000000089a00000|  0%| F|  |TAMS 0x0000000089900000, 0x0000000089900000| Untracked 
|  74|0x0000000089a00000, 0x0000000089a00000, 0x0000000089b00000|  0%| F|  |TAMS 0x0000000089a00000, 0x0000000089a00000| Untracked 
|  75|0x0000000089b00000, 0x0000000089b00000, 0x0000000089c00000|  0%| F|  |TAMS 0x0000000089b00000, 0x0000000089b00000| Untracked 
|  76|0x0000000089c00000, 0x0000000089c00000, 0x0000000089d00000|  0%| F|  |TAMS 0x0000000089c00000, 0x0000000089c00000| Untracked 
|  77|0x0000000089d00000, 0x0000000089d00000, 0x0000000089e00000|  0%| F|  |TAMS 0x0000000089d00000, 0x0000000089d00000| Untracked 
|  78|0x0000000089e00000, 0x0000000089e00000, 0x0000000089f00000|  0%| F|  |TAMS 0x0000000089e00000, 0x0000000089e00000| Untracked 
|  79|0x0000000089f00000, 0x0000000089f00000, 0x000000008a000000|  0%| F|  |TAMS 0x0000000089f00000, 0x0000000089f00000| Untracked 
|  80|0x000000008a000000, 0x000000008a000000, 0x000000008a100000|  0%| F|  |TAMS 0x000000008a000000, 0x000000008a000000| Untracked 
|  81|0x000000008a100000, 0x000000008a100000, 0x000000008a200000|  0%| F|  |TAMS 0x000000008a100000, 0x000000008a100000| Untracked 
|  82|0x000000008a200000, 0x000000008a200000, 0x000000008a300000|  0%| F|  |TAMS 0x000000008a200000, 0x000000008a200000| Untracked 
|  83|0x000000008a300000, 0x000000008a300000, 0x000000008a400000|  0%| F|  |TAMS 0x000000008a300000, 0x000000008a300000| Untracked 
|  84|0x000000008a400000, 0x000000008a400000, 0x000000008a500000|  0%| F|  |TAMS 0x000000008a400000, 0x000000008a400000| Untracked 
|  85|0x000000008a500000, 0x000000008a500000, 0x000000008a600000|  0%| F|  |TAMS 0x000000008a500000, 0x000000008a500000| Untracked 
|  86|0x000000008a600000, 0x000000008a600000, 0x000000008a700000|  0%| F|  |TAMS 0x000000008a600000, 0x000000008a600000| Untracked 
|  87|0x000000008a700000, 0x000000008a700000, 0x000000008a800000|  0%| F|  |TAMS 0x000000008a700000, 0x000000008a700000| Untracked 
|  88|0x000000008a800000, 0x000000008a800000, 0x000000008a900000|  0%| F|  |TAMS 0x000000008a800000, 0x000000008a800000| Untracked 
|  89|0x000000008a900000, 0x000000008a900000, 0x000000008aa00000|  0%| F|  |TAMS 0x000000008a900000, 0x000000008a900000| Untracked 
|  90|0x000000008aa00000, 0x000000008aa00000, 0x000000008ab00000|  0%| F|  |TAMS 0x000000008aa00000, 0x000000008aa00000| Untracked 
|  91|0x000000008ab00000, 0x000000008ab00000, 0x000000008ac00000|  0%| F|  |TAMS 0x000000008ab00000, 0x000000008ab00000| Untracked 
|  92|0x000000008ac00000, 0x000000008accae80, 0x000000008ad00000| 79%| S|CS|TAMS 0x000000008ac00000, 0x000000008ac00000| Complete 
|  93|0x000000008ad00000, 0x000000008ae00000, 0x000000008ae00000|100%| S|CS|TAMS 0x000000008ad00000, 0x000000008ad00000| Complete 
|  94|0x000000008ae00000, 0x000000008af00000, 0x000000008af00000|100%| S|CS|TAMS 0x000000008ae00000, 0x000000008ae00000| Complete 
|  95|0x000000008af00000, 0x000000008b000000, 0x000000008b000000|100%| S|CS|TAMS 0x000000008af00000, 0x000000008af00000| Complete 
|  96|0x000000008b000000, 0x000000008b100000, 0x000000008b100000|100%| S|CS|TAMS 0x000000008b000000, 0x000000008b000000| Complete 
|  97|0x000000008b100000, 0x000000008b200000, 0x000000008b200000|100%| S|CS|TAMS 0x000000008b100000, 0x000000008b100000| Complete 
|  98|0x000000008b200000, 0x000000008b300000, 0x000000008b300000|100%| S|CS|TAMS 0x000000008b200000, 0x000000008b200000| Complete 
|  99|0x000000008b300000, 0x000000008b300000, 0x000000008b400000|  0%| F|  |TAMS 0x000000008b300000, 0x000000008b300000| Untracked 
| 100|0x000000008b400000, 0x000000008b400000, 0x000000008b500000|  0%| F|  |TAMS 0x000000008b400000, 0x000000008b400000| Untracked 
| 101|0x000000008b500000, 0x000000008b500000, 0x000000008b600000|  0%| F|  |TAMS 0x000000008b500000, 0x000000008b500000| Untracked 
| 102|0x000000008b600000, 0x000000008b600000, 0x000000008b700000|  0%| F|  |TAMS 0x000000008b600000, 0x000000008b600000| Untracked 
| 103|0x000000008b700000, 0x000000008b700000, 0x000000008b800000|  0%| F|  |TAMS 0x000000008b700000, 0x000000008b700000| Untracked 
| 104|0x000000008b800000, 0x000000008b800000, 0x000000008b900000|  0%| F|  |TAMS 0x000000008b800000, 0x000000008b800000| Untracked 
| 105|0x000000008b900000, 0x000000008b900000, 0x000000008ba00000|  0%| F|  |TAMS 0x000000008b900000, 0x000000008b900000| Untracked 
| 106|0x000000008ba00000, 0x000000008ba00000, 0x000000008bb00000|  0%| F|  |TAMS 0x000000008ba00000, 0x000000008ba00000| Untracked 
| 107|0x000000008bb00000, 0x000000008bb00000, 0x000000008bc00000|  0%| F|  |TAMS 0x000000008bb00000, 0x000000008bb00000| Untracked 
| 108|0x000000008bc00000, 0x000000008bc00000, 0x000000008bd00000|  0%| F|  |TAMS 0x000000008bc00000, 0x000000008bc00000| Untracked 
| 109|0x000000008bd00000, 0x000000008bd00000, 0x000000008be00000|  0%| F|  |TAMS 0x000000008bd00000, 0x000000008bd00000| Untracked 
| 110|0x000000008be00000, 0x000000008be00000, 0x000000008bf00000|  0%| F|  |TAMS 0x000000008be00000, 0x000000008be00000| Untracked 
| 111|0x000000008bf00000, 0x000000008bf00000, 0x000000008c000000|  0%| F|  |TAMS 0x000000008bf00000, 0x000000008bf00000| Untracked 
| 112|0x000000008c000000, 0x000000008c000000, 0x000000008c100000|  0%| F|  |TAMS 0x000000008c000000, 0x000000008c000000| Untracked 
| 113|0x000000008c100000, 0x000000008c100000, 0x000000008c200000|  0%| F|  |TAMS 0x000000008c100000, 0x000000008c100000| Untracked 
| 114|0x000000008c200000, 0x000000008c200000, 0x000000008c300000|  0%| F|  |TAMS 0x000000008c200000, 0x000000008c200000| Untracked 
| 115|0x000000008c300000, 0x000000008c300000, 0x000000008c400000|  0%| F|  |TAMS 0x000000008c300000, 0x000000008c300000| Untracked 
| 116|0x000000008c400000, 0x000000008c400000, 0x000000008c500000|  0%| F|  |TAMS 0x000000008c400000, 0x000000008c400000| Untracked 
| 117|0x000000008c500000, 0x000000008c500000, 0x000000008c600000|  0%| F|  |TAMS 0x000000008c500000, 0x000000008c500000| Untracked 
| 118|0x000000008c600000, 0x000000008c600000, 0x000000008c700000|  0%| F|  |TAMS 0x000000008c600000, 0x000000008c600000| Untracked 
| 119|0x000000008c700000, 0x000000008c700000, 0x000000008c800000|  0%| F|  |TAMS 0x000000008c700000, 0x000000008c700000| Untracked 
| 120|0x000000008c800000, 0x000000008c800000, 0x000000008c900000|  0%| F|  |TAMS 0x000000008c800000, 0x000000008c800000| Untracked 
| 121|0x000000008c900000, 0x000000008c900000, 0x000000008ca00000|  0%| F|  |TAMS 0x000000008c900000, 0x000000008c900000| Untracked 
| 122|0x000000008ca00000, 0x000000008ca00000, 0x000000008cb00000|  0%| F|  |TAMS 0x000000008ca00000, 0x000000008ca00000| Untracked 
| 123|0x000000008cb00000, 0x000000008cb00000, 0x000000008cc00000|  0%| F|  |TAMS 0x000000008cb00000, 0x000000008cb00000| Untracked 
| 124|0x000000008cc00000, 0x000000008cc00000, 0x000000008cd00000|  0%| F|  |TAMS 0x000000008cc00000, 0x000000008cc00000| Untracked 
| 125|0x000000008cd00000, 0x000000008cd00000, 0x000000008ce00000|  0%| F|  |TAMS 0x000000008cd00000, 0x000000008cd00000| Untracked 
| 126|0x000000008ce00000, 0x000000008ce00000, 0x000000008cf00000|  0%| F|  |TAMS 0x000000008ce00000, 0x000000008ce00000| Untracked 
| 127|0x000000008cf00000, 0x000000008cf00000, 0x000000008d000000|  0%| F|  |TAMS 0x000000008cf00000, 0x000000008cf00000| Untracked 
| 128|0x000000008d000000, 0x000000008d000000, 0x000000008d100000|  0%| F|  |TAMS 0x000000008d000000, 0x000000008d000000| Untracked 
| 129|0x000000008d100000, 0x000000008d100000, 0x000000008d200000|  0%| F|  |TAMS 0x000000008d100000, 0x000000008d100000| Untracked 
| 130|0x000000008d200000, 0x000000008d200000, 0x000000008d300000|  0%| F|  |TAMS 0x000000008d200000, 0x000000008d200000| Untracked 
| 131|0x000000008d300000, 0x000000008d300000, 0x000000008d400000|  0%| F|  |TAMS 0x000000008d300000, 0x000000008d300000| Untracked 
| 132|0x000000008d400000, 0x000000008d400000, 0x000000008d500000|  0%| F|  |TAMS 0x000000008d400000, 0x000000008d400000| Untracked 
| 133|0x000000008d500000, 0x000000008d500000, 0x000000008d600000|  0%| F|  |TAMS 0x000000008d500000, 0x000000008d500000| Untracked 
| 134|0x000000008d600000, 0x000000008d600000, 0x000000008d700000|  0%| F|  |TAMS 0x000000008d600000, 0x000000008d600000| Untracked 
| 135|0x000000008d700000, 0x000000008d700000, 0x000000008d800000|  0%| F|  |TAMS 0x000000008d700000, 0x000000008d700000| Untracked 
| 136|0x000000008d800000, 0x000000008d800000, 0x000000008d900000|  0%| F|  |TAMS 0x000000008d800000, 0x000000008d800000| Untracked 
| 137|0x000000008d900000, 0x000000008d900000, 0x000000008da00000|  0%| F|  |TAMS 0x000000008d900000, 0x000000008d900000| Untracked 
| 138|0x000000008da00000, 0x000000008da00000, 0x000000008db00000|  0%| F|  |TAMS 0x000000008da00000, 0x000000008da00000| Untracked 
| 139|0x000000008db00000, 0x000000008db00000, 0x000000008dc00000|  0%| F|  |TAMS 0x000000008db00000, 0x000000008db00000| Untracked 
| 140|0x000000008dc00000, 0x000000008dc00000, 0x000000008dd00000|  0%| F|  |TAMS 0x000000008dc00000, 0x000000008dc00000| Untracked 
| 141|0x000000008dd00000, 0x000000008dd00000, 0x000000008de00000|  0%| F|  |TAMS 0x000000008dd00000, 0x000000008dd00000| Untracked 
| 142|0x000000008de00000, 0x000000008de00000, 0x000000008df00000|  0%| F|  |TAMS 0x000000008de00000, 0x000000008de00000| Untracked 
| 143|0x000000008df00000, 0x000000008df00000, 0x000000008e000000|  0%| F|  |TAMS 0x000000008df00000, 0x000000008df00000| Untracked 
| 144|0x000000008e000000, 0x000000008e000000, 0x000000008e100000|  0%| F|  |TAMS 0x000000008e000000, 0x000000008e000000| Untracked 
| 145|0x000000008e100000, 0x000000008e100000, 0x000000008e200000|  0%| F|  |TAMS 0x000000008e100000, 0x000000008e100000| Untracked 
| 146|0x000000008e200000, 0x000000008e200000, 0x000000008e300000|  0%| F|  |TAMS 0x000000008e200000, 0x000000008e200000| Untracked 
| 147|0x000000008e300000, 0x000000008e300000, 0x000000008e400000|  0%| F|  |TAMS 0x000000008e300000, 0x000000008e300000| Untracked 
| 148|0x000000008e400000, 0x000000008e400000, 0x000000008e500000|  0%| F|  |TAMS 0x000000008e400000, 0x000000008e400000| Untracked 
| 149|0x000000008e500000, 0x000000008e500000, 0x000000008e600000|  0%| F|  |TAMS 0x000000008e500000, 0x000000008e500000| Untracked 
| 150|0x000000008e600000, 0x000000008e600000, 0x000000008e700000|  0%| F|  |TAMS 0x000000008e600000, 0x000000008e600000| Untracked 
| 151|0x000000008e700000, 0x000000008e700000, 0x000000008e800000|  0%| F|  |TAMS 0x000000008e700000, 0x000000008e700000| Untracked 
| 152|0x000000008e800000, 0x000000008e800000, 0x000000008e900000|  0%| F|  |TAMS 0x000000008e800000, 0x000000008e800000| Untracked 
| 153|0x000000008e900000, 0x000000008e900000, 0x000000008ea00000|  0%| F|  |TAMS 0x000000008e900000, 0x000000008e900000| Untracked 
| 154|0x000000008ea00000, 0x000000008ea00000, 0x000000008eb00000|  0%| F|  |TAMS 0x000000008ea00000, 0x000000008ea00000| Untracked 
| 155|0x000000008eb00000, 0x000000008eb00000, 0x000000008ec00000|  0%| F|  |TAMS 0x000000008eb00000, 0x000000008eb00000| Untracked 
| 156|0x000000008ec00000, 0x000000008ec00000, 0x000000008ed00000|  0%| F|  |TAMS 0x000000008ec00000, 0x000000008ec00000| Untracked 

Card table byte_map: [0x000001d747790000,0x000001d747b70000] _byte_map_base: 0x000001d747368000

Marking Bits (Prev, Next): (CMBitMap*) 0x000001d73459f1e0, (CMBitMap*) 0x000001d73459f1a8
 Prev Bits: [0x000001d749e10000, 0x000001d74bcd0000)
 Next Bits: [0x000001d747f50000, 0x000001d749e10000)

Polling page: 0x000001d733d30000

Metaspace:

Usage:
  Non-class:     56.95 MB capacity,    56.52 MB (>99%) used,   334.20 KB ( <1%) free+waste,   113.38 KB ( <1%) overhead. 
      Class:      7.46 MB capacity,     7.15 MB ( 96%) used,   272.68 KB (  4%) free+waste,    50.00 KB ( <1%) overhead. 
       Both:     64.42 MB capacity,    63.67 MB ( 99%) used,   606.88 KB ( <1%) free+waste,   163.38 KB ( <1%) overhead. 

Virtual space:
  Non-class space:       58.00 MB reserved,      57.16 MB ( 99%) committed 
      Class space:        1.00 GB reserved,       7.55 MB ( <1%) committed 
             Both:        1.06 GB reserved,      64.70 MB (  6%) committed 

Chunk freelists:
   Non-Class:  15.00 KB
       Class:  5.00 KB
        Both:  20.00 KB

MaxMetaspaceSize: 17179869184.00 GB
CompressedClassSpaceSize: 1.00 GB
Initial GC threshold: 20.80 MB
Current GC threshold: 98.46 MB
CDS: off

CodeHeap 'non-profiled nmethods': size=120000Kb used=4632Kb max_used=4632Kb free=115367Kb
 bounds [0x000001d73fb50000, 0x000001d73ffe0000, 0x000001d747080000]
CodeHeap 'profiled nmethods': size=120000Kb used=22830Kb max_used=22830Kb free=97169Kb
 bounds [0x000001d738620000, 0x000001d739c70000, 0x000001d73fb50000]
CodeHeap 'non-nmethods': size=5760Kb used=1318Kb max_used=1370Kb free=4441Kb
 bounds [0x000001d738080000, 0x000001d7382f0000, 0x000001d738620000]
 total_blobs=9234 nmethods=8641 adapters=502
 compilation: enabled
              stopped_count=0, restarted_count=0
 full_count=0

Compilation events (20 events):
Event: 9.007 Thread 0x000001d74efac800 nmethod 8703 0x000001d739c55910 code [0x000001d739c55ac0, 0x000001d739c55bb8]
Event: 9.007 Thread 0x000001d74efac800 8704       3       org.jetbrains.kotlin.resolve.scopes.LexicalWritableScope$Snapshot::definitelyDoesNotContainName (15 bytes)
Event: 9.008 Thread 0x000001d74efac800 nmethod 8704 0x000001d739c55c90 code [0x000001d739c55ec0, 0x000001d739c56508]
Event: 9.009 Thread 0x000001d74efac800 8705       3       java.util.Collections$SingletonMap::get (20 bytes)
Event: 9.010 Thread 0x000001d74efac800 nmethod 8705 0x000001d739c56790 code [0x000001d739c56960, 0x000001d739c56ca8]
Event: 9.010 Thread 0x000001d74efac800 8706       3       org.jetbrains.kotlin.types.model.TypeSystemContextHelpersKt::typeConstructor (25 bytes)
Event: 9.011 Thread 0x000001d74efac800 nmethod 8706 0x000001d739c56d90 code [0x000001d739c57040, 0x000001d739c57ae8]
Event: 9.011 Thread 0x000001d74efac800 8707       3       org.jetbrains.kotlin.resolve.calls.inference.DescriptorRelatedInferenceUtilsKt$substituteAndApproximateTypes$wrappedSubstitution$1::prepareTopLevelType (10 bytes)
Event: 9.011 Thread 0x000001d74efac800 nmethod 8707 0x000001d739c57f10 code [0x000001d739c580c0, 0x000001d739c581e8]
Event: 9.011 Thread 0x000001d74efac800 8708       3       org.jetbrains.kotlin.resolve.calls.inference.DescriptorRelatedInferenceUtilsKt$substituteAndApproximateTypes$wrappedSubstitution$1::prepareTopLevelType (88 bytes)
Event: 9.016 Thread 0x000001d74efac800 nmethod 8708 0x000001d739c58290 code [0x000001d739c58940, 0x000001d739c5bc98]
Event: 9.016 Thread 0x000001d74efac800 8709       3       org.jetbrains.kotlin.types.TypeApproximator::approximateTo (32 bytes)
Event: 9.022 Thread 0x000001d74efac800 nmethod 8709 0x000001d739c5cd90 code [0x000001d739c5d560, 0x000001d739c61278]
Event: 9.022 Thread 0x000001d74efac800 8711       3       org.jetbrains.kotlin.types.checker.ClassicTypeSystemContext$DefaultImpls::asArgumentList (72 bytes)
Event: 9.024 Thread 0x000001d74efac800 nmethod 8711 0x000001d739c62610 code [0x000001d739c629c0, 0x000001d739c63ed8]
Event: 9.024 Thread 0x000001d74efac800 8715       3       org.jetbrains.kotlin.resolve.calls.tower.TowerResolver$SuccessfulResultCollector::pushCandidates (234 bytes)
Event: 9.027 Thread 0x000001d74efac800 nmethod 8715 0x000001d739c64610 code [0x000001d739c649c0, 0x000001d739c665c8]
Event: 9.027 Thread 0x000001d74efac800 8716       3       org.jetbrains.kotlin.resolve.calls.tower.TowerResolver$SuccessfulResultCollector::getSuccessfulCandidates (295 bytes)
Event: 9.030 Thread 0x000001d74efac800 nmethod 8716 0x000001d739c66d90 code [0x000001d739c67360, 0x000001d739c6a938]
Event: 9.030 Thread 0x000001d74efac800 8712       3       org.jetbrains.kotlin.types.model.TypeSystemContext::size (93 bytes)

GC Heap History (17 events):
Event: 0.613 GC heap before
{Heap before GC invocations=0 (full 0):
 garbage-first heap   total 126976K, used 28672K [0x0000000085000000, 0x0000000100000000)
  region size 1024K, 24 young (24576K), 0 survivors (0K)
 Metaspace       used 12123K, capacity 12280K, committed 12544K, reserved 1060864K
  class space    used 1118K, capacity 1175K, committed 1280K, reserved 1048576K
}
Event: 0.617 GC heap after
{Heap after GC invocations=1 (full 0):
 garbage-first heap   total 126976K, used 6750K [0x0000000085000000, 0x0000000100000000)
  region size 1024K, 3 young (3072K), 3 survivors (3072K)
 Metaspace       used 12123K, capacity 12280K, committed 12544K, reserved 1060864K
  class space    used 1118K, capacity 1175K, committed 1280K, reserved 1048576K
}
Event: 1.318 GC heap before
{Heap before GC invocations=1 (full 0):
 garbage-first heap   total 126976K, used 45662K [0x0000000085000000, 0x0000000100000000)
  region size 1024K, 42 young (43008K), 3 survivors (3072K)
 Metaspace       used 21046K, capacity 21200K, committed 21296K, reserved 1069056K
  class space    used 2227K, capacity 2308K, committed 2352K, reserved 1048576K
}
Event: 1.331 GC heap after
{Heap after GC invocations=2 (full 0):
 garbage-first heap   total 126976K, used 10551K [0x0000000085000000, 0x0000000100000000)
  region size 1024K, 7 young (7168K), 7 survivors (7168K)
 Metaspace       used 21046K, capacity 21200K, committed 21296K, reserved 1069056K
  class space    used 2227K, capacity 2308K, committed 2352K, reserved 1048576K
}
Event: 2.312 GC heap before
{Heap before GC invocations=3 (full 0):
 garbage-first heap   total 126976K, used 68919K [0x0000000085000000, 0x0000000100000000)
  region size 1024K, 58 young (59392K), 7 survivors (7168K)
 Metaspace       used 32332K, capacity 32804K, committed 32944K, reserved 1077248K
  class space    used 4017K, capacity 4209K, committed 4272K, reserved 1048576K
}
Event: 2.336 GC heap after
{Heap after GC invocations=4 (full 0):
 garbage-first heap   total 126976K, used 23681K [0x0000000085000000, 0x0000000100000000)
  region size 1024K, 8 young (8192K), 8 survivors (8192K)
 Metaspace       used 32332K, capacity 32804K, committed 32944K, reserved 1077248K
  class space    used 4017K, capacity 4209K, committed 4272K, reserved 1048576K
}
Event: 2.593 GC heap before
{Heap before GC invocations=4 (full 0):
 garbage-first heap   total 126976K, used 38017K [0x0000000085000000, 0x0000000100000000)
  region size 1024K, 23 young (23552K), 8 survivors (8192K)
 Metaspace       used 35451K, capacity 35855K, committed 35920K, reserved 1081344K
  class space    used 4339K, capacity 4501K, committed 4528K, reserved 1048576K
}
Event: 2.612 GC heap after
{Heap after GC invocations=5 (full 0):
 garbage-first heap   total 126976K, used 24064K [0x0000000085000000, 0x0000000100000000)
  region size 1024K, 3 young (3072K), 3 survivors (3072K)
 Metaspace       used 35451K, capacity 35855K, committed 35920K, reserved 1081344K
  class space    used 4339K, capacity 4501K, committed 4528K, reserved 1048576K
}
Event: 3.470 GC heap before
{Heap before GC invocations=6 (full 0):
 garbage-first heap   total 126976K, used 69120K [0x0000000085000000, 0x0000000100000000)
  region size 1024K, 47 young (48128K), 3 survivors (3072K)
 Metaspace       used 45067K, capacity 45579K, committed 45904K, reserved 1089536K
  class space    used 5264K, capacity 5475K, committed 5552K, reserved 1048576K
}
Event: 3.484 GC heap after
{Heap after GC invocations=7 (full 0):
 garbage-first heap   total 160768K, used 28160K [0x0000000085000000, 0x0000000100000000)
  region size 1024K, 6 young (6144K), 6 survivors (6144K)
 Metaspace       used 45067K, capacity 45579K, committed 45904K, reserved 1089536K
  class space    used 5264K, capacity 5475K, committed 5552K, reserved 1048576K
}
Event: 4.475 GC heap before
{Heap before GC invocations=7 (full 0):
 garbage-first heap   total 160768K, used 93696K [0x0000000085000000, 0x0000000100000000)
  region size 1024K, 67 young (68608K), 6 survivors (6144K)
 Metaspace       used 50654K, capacity 51134K, committed 51408K, reserved 1095680K
  class space    used 5869K, capacity 6090K, committed 6192K, reserved 1048576K
}
Event: 4.494 GC heap after
{Heap after GC invocations=8 (full 0):
 garbage-first heap   total 160768K, used 36982K [0x0000000085000000, 0x0000000100000000)
  region size 1024K, 9 young (9216K), 9 survivors (9216K)
 Metaspace       used 50654K, capacity 51134K, committed 51408K, reserved 1095680K
  class space    used 5869K, capacity 6090K, committed 6192K, reserved 1048576K
}
Event: 6.150 GC heap before
{Heap before GC invocations=8 (full 0):
 garbage-first heap   total 160768K, used 99446K [0x0000000085000000, 0x0000000100000000)
  region size 1024K, 70 young (71680K), 9 survivors (9216K)
 Metaspace       used 57434K, capacity 58022K, committed 58192K, reserved 1101824K
  class space    used 6486K, capacity 6734K, committed 6832K, reserved 1048576K
}
Event: 6.181 GC heap after
{Heap after GC invocations=9 (full 0):
 garbage-first heap   total 160768K, used 46781K [0x0000000085000000, 0x0000000100000000)
  region size 1024K, 9 young (9216K), 9 survivors (9216K)
 Metaspace       used 57434K, capacity 58022K, committed 58192K, reserved 1101824K
  class space    used 6486K, capacity 6734K, committed 6832K, reserved 1048576K
}
Event: 6.846 GC heap before
{Heap before GC invocations=9 (full 0):
 garbage-first heap   total 160768K, used 89789K [0x0000000085000000, 0x0000000100000000)
  region size 1024K, 52 young (53248K), 9 survivors (9216K)
 Metaspace       used 59454K, capacity 60074K, committed 60240K, reserved 1101824K
  class space    used 6697K, capacity 6948K, committed 7088K, reserved 1048576K
}
Event: 6.886 GC heap after
{Heap after GC invocations=10 (full 0):
 garbage-first heap   total 160768K, used 53210K [0x0000000085000000, 0x0000000100000000)
  region size 1024K, 6 young (6144K), 6 survivors (6144K)
 Metaspace       used 59454K, capacity 60074K, committed 60240K, reserved 1101824K
  class space    used 6697K, capacity 6948K, committed 7088K, reserved 1048576K
}
Event: 9.032 GC heap before
{Heap before GC invocations=11 (full 0):
 garbage-first heap   total 160768K, used 107482K [0x0000000085000000, 0x0000000100000000)
  region size 1024K, 58 young (59392K), 6 survivors (6144K)
 Metaspace       used 65193K, capacity 65964K, committed 66256K, reserved 1107968K
  class space    used 7320K, capacity 7643K, committed 7728K, reserved 1048576K
}

Deoptimization events (20 events):
Event: 8.960 Thread 0x000001d73455c000 Uncommon trap: trap_request=0xffffffde fr.pc=0x000001d73ff86f58 relative=0x00000000000004f8
Event: 8.960 Thread 0x000001d73455c000 Uncommon trap: reason=class_check action=maybe_recompile pc=0x000001d73ff86f58 method=org.jetbrains.kotlin.types.ClassifierBasedTypeConstructor.equals(Ljava/lang/Object;)Z @ 38 c2
Event: 8.960 Thread 0x000001d73455c000 DEOPT PACKING pc=0x000001d73ff86f58 sp=0x00000049578fb100
Event: 8.960 Thread 0x000001d73455c000 DEOPT UNPACKING pc=0x000001d7380885af sp=0x00000049578fb090 mode 2
Event: 8.960 Thread 0x000001d73455c000 Uncommon trap: trap_request=0xffffffde fr.pc=0x000001d73ff86f58 relative=0x00000000000004f8
Event: 8.960 Thread 0x000001d73455c000 Uncommon trap: reason=class_check action=maybe_recompile pc=0x000001d73ff86f58 method=org.jetbrains.kotlin.types.ClassifierBasedTypeConstructor.equals(Ljava/lang/Object;)Z @ 38 c2
Event: 8.960 Thread 0x000001d73455c000 DEOPT PACKING pc=0x000001d73ff86f58 sp=0x00000049578fad40
Event: 8.960 Thread 0x000001d73455c000 DEOPT UNPACKING pc=0x000001d7380885af sp=0x00000049578facd0 mode 2
Event: 8.962 Thread 0x000001d73455c000 Uncommon trap: trap_request=0xffffffde fr.pc=0x000001d73ff86f94 relative=0x0000000000000534
Event: 8.962 Thread 0x000001d73455c000 Uncommon trap: reason=class_check action=maybe_recompile pc=0x000001d73ff86f94 method=org.jetbrains.kotlin.types.ClassifierBasedTypeConstructor.equals(Ljava/lang/Object;)Z @ 30 c2
Event: 8.962 Thread 0x000001d73455c000 DEOPT PACKING pc=0x000001d73ff86f94 sp=0x00000049578fa9a0
Event: 8.962 Thread 0x000001d73455c000 DEOPT UNPACKING pc=0x000001d7380885af sp=0x00000049578fa930 mode 2
Event: 8.962 Thread 0x000001d73455c000 Uncommon trap: trap_request=0xffffffde fr.pc=0x000001d73ff86f94 relative=0x0000000000000534
Event: 8.962 Thread 0x000001d73455c000 Uncommon trap: reason=class_check action=maybe_recompile pc=0x000001d73ff86f94 method=org.jetbrains.kotlin.types.ClassifierBasedTypeConstructor.equals(Ljava/lang/Object;)Z @ 30 c2
Event: 8.962 Thread 0x000001d73455c000 DEOPT PACKING pc=0x000001d73ff86f94 sp=0x00000049578fa980
Event: 8.962 Thread 0x000001d73455c000 DEOPT UNPACKING pc=0x000001d7380885af sp=0x00000049578fa910 mode 2
Event: 8.969 Thread 0x000001d73455c000 Uncommon trap: trap_request=0xffffff7e fr.pc=0x000001d73ffcfff4 relative=0x0000000000000e34
Event: 8.969 Thread 0x000001d73455c000 Uncommon trap: reason=predicate action=maybe_recompile pc=0x000001d73ffcfff4 method=org.jetbrains.kotlin.com.intellij.extapi.psi.StubBasedPsiElementBase.getStubOrPsiChildren(Lorg/jetbrains/kotlin/com/intellij/psi/tree/TokenSet;Lorg/jetbrains/kotlin/com/in
Event: 8.969 Thread 0x000001d73455c000 DEOPT PACKING pc=0x000001d73ffcfff4 sp=0x00000049578fbaf0
Event: 8.969 Thread 0x000001d73455c000 DEOPT UNPACKING pc=0x000001d7380885af sp=0x00000049578fbaf0 mode 2

Classes redefined (0 events):
No events

Internal exceptions (20 events):
Event: 5.398 Thread 0x000001d73455c000 Implicit null exception at 0x000001d73fd62833 to 0x000001d73fd62ca0
Event: 5.398 Thread 0x000001d73455c000 Implicit null exception at 0x000001d73fd949af to 0x000001d73fd949dc
Event: 5.403 Thread 0x000001d73455c000 Exception <a 'java/lang/NoSuchMethodError'{0x000000008cf4b580}: 'java.lang.Object java.lang.invoke.DirectMethodHandle$Holder.invokeStatic(java.lang.Object, int, java.lang.Object, java.lang.Object)'> (0x000000008cf4b580) thrown at [src/hotspot/share/interpreter/linkResolver.cpp, line 773]
Event: 5.404 Thread 0x000001d73455c000 Exception <a 'java/lang/NoSuchMethodError'{0x000000008cf52ba0}: 'java.lang.Object java.lang.invoke.DirectMethodHandle$Holder.invokeStatic(java.lang.Object, int, java.lang.Object)'> (0x000000008cf52ba0) thrown at [src/hotspot/share/interpreter/linkResolver.cpp, line 773]
Event: 5.406 Thread 0x000001d73455c000 Exception <a 'java/lang/NoSuchMethodError'{0x000000008cf58a30}: 'int java.lang.invoke.DirectMethodHandle$Holder.invokeInterface(java.lang.Object, java.lang.Object)'> (0x000000008cf58a30) thrown at [src/hotspot/share/interpreter/linkResolver.cpp, line 773]
Event: 6.480 Thread 0x000001d73455c000 Exception <a 'java/lang/NoSuchMethodError'{0x000000008d3a3a00}: 'java.lang.Object java.lang.invoke.Invokers$Holder.linkToTargetMethod(java.lang.Object, java.lang.Object, java.lang.Object, java.lang.Object, java.lang.Object, java.lang.Object, java.lang.Object)'> (0x000000008d3a3a00) thrown at [src/hotspot/share/interpreter/linkResolver.cpp, line 773]
Event: 6.485 Thread 0x000001d73455c000 Implicit null exception at 0x000001d73fbb31de to 0x000001d73fbb394a
Event: 6.485 Thread 0x000001d73455c000 Implicit null exception at 0x000001d73fc6d5af to 0x000001d73fc6d61d
Event: 6.539 Thread 0x000001d73455c000 Implicit null exception at 0x000001d73fe5d719 to 0x000001d73fe5dafb
Event: 6.577 Thread 0x000001d73455c000 Exception <a 'java/lang/NoSuchMethodError'{0x000000008d0093c8}: 'int java.lang.invoke.DirectMethodHandle$Holder.invokeStaticInit(java.lang.Object, int)'> (0x000000008d0093c8) thrown at [src/hotspot/share/interpreter/linkResolver.cpp, line 773]
Event: 6.608 Thread 0x000001d73455c000 Implicit null exception at 0x000001d73fc99dcc to 0x000001d73fc99ea8
Event: 7.130 Thread 0x000001d73455c000 Exception <a 'java/lang/NoSuchMethodError'{0x000000008e1cf028}: 'java.lang.Object java.lang.invoke.Invokers$Holder.linkToTargetMethod(java.lang.Object, java.lang.Object, java.lang.Object, int, int, java.lang.Object)'> (0x000000008e1cf028) thrown at [src/hotspot/share/interpreter/linkResolver.cpp, line 773]
Event: 7.408 Thread 0x000001d73455c000 Exception <a 'java/lang/NoSuchMethodError'{0x000000008dbcddd8}: 'int java.lang.invoke.DirectMethodHandle$Holder.invokeVirtual(java.lang.Object, java.lang.Object, java.lang.Object)'> (0x000000008dbcddd8) thrown at [src/hotspot/share/interpreter/linkResolver.cpp, line 773]
Event: 7.542 Thread 0x000001d73455c000 Exception <a 'java/lang/NoSuchMethodError'{0x000000008d753600}: 'java.lang.Object java.lang.invoke.DirectMethodHandle$Holder.invokeSpecial(java.lang.Object, java.lang.Object, java.lang.Object, java.lang.Object, java.lang.Object, int)'> (0x000000008d753600) thrown at [src/hotspot/share/interpreter/linkResolver.cpp, line 773]
Event: 7.542 Thread 0x000001d73455c000 Exception <a 'java/lang/NoSuchMethodError'{0x000000008d757448}: 'java.lang.Object java.lang.invoke.Invokers$Holder.linkToTargetMethod(java.lang.Object, java.lang.Object, java.lang.Object, int, java.lang.Object)'> (0x000000008d757448) thrown at [src/hotspot/share/interpreter/linkResolver.cpp, line 773]
Event: 7.608 Thread 0x000001d73455c000 Exception <a 'java/lang/NoSuchMethodError'{0x000000008d507970}: 'void java.lang.invoke.DirectMethodHandle$Holder.invokeInterface(java.lang.Object, java.lang.Object)'> (0x000000008d507970) thrown at [src/hotspot/share/interpreter/linkResolver.cpp, line 773]
Event: 7.689 Thread 0x000001d73455c000 Exception <a 'java/lang/IncompatibleClassChangeError'{0x000000008d4f7d38}: Found class java.lang.Object, but interface was expected> (0x000000008d4f7d38) thrown at [src/hotspot/share/interpreter/linkResolver.cpp, line 839]
Event: 7.698 Thread 0x000001d73455c000 Exception <a 'java/lang/NoSuchMethodError'{0x000000008d31e688}: 'java.lang.Object java.lang.invoke.DirectMethodHandle$Holder.invokeInterface(java.lang.Object, java.lang.Object, java.lang.Object)'> (0x000000008d31e688) thrown at [src/hotspot/share/interpreter/linkResolver.cpp, line 773]
Event: 7.698 Thread 0x000001d73455c000 Exception <a 'java/lang/IncompatibleClassChangeError'{0x000000008d3218b8}: Found class java.lang.Object, but interface was expected> (0x000000008d3218b8) thrown at [src/hotspot/share/interpreter/linkResolver.cpp, line 839]
Event: 8.959 Thread 0x000001d73455c000 Exception <a 'java/lang/NoSuchMethodError'{0x000000008b4f1338}: 'java.lang.Object java.lang.invoke.DirectMethodHandle$Holder.invokeSpecial(java.lang.Object, java.lang.Object, int, java.lang.Object, java.lang.Object)'> (0x000000008b4f1338) thrown at [src/hotspot/share/interpreter/linkResolver.cpp, line 773]

Events (20 events):
Event: 8.991 loading class org/jetbrains/kotlin/types/expressions/PatternMatchingTypingVisitor$checkWhenCondition$1 done
Event: 8.994 loading class org/jetbrains/kotlin/types/expressions/PatternMatchingTypingVisitor$Subject$None
Event: 8.994 loading class org/jetbrains/kotlin/types/expressions/PatternMatchingTypingVisitor$Subject$None done
Event: 8.995 loading class org/jetbrains/kotlin/com/intellij/psi/impl/source/codeStyle/CodeEditUtil
Event: 8.995 loading class org/jetbrains/kotlin/com/intellij/psi/impl/source/codeStyle/CodeEditUtil done
Event: 8.999 loading class org/jetbrains/kotlin/psi/KtPsiFactory$BlockWrapper
Event: 8.999 loading class org/jetbrains/kotlin/psi/KtPsiFactory$BlockWrapper done
Event: 9.000 Executing VM operation: Deoptimize
Event: 9.002 Executing VM operation: Deoptimize done
Event: 9.003 loading class org/jetbrains/kotlin/types/expressions/PatternMatchingTypingVisitor$inferTypeForWhenExpression$resolvedCall$1
Event: 9.003 loading class org/jetbrains/kotlin/types/expressions/PatternMatchingTypingVisitor$inferTypeForWhenExpression$resolvedCall$1 done
Event: 9.005 loading class java/util/Collections$CopiesList
Event: 9.006 loading class java/util/Collections$CopiesList done
Event: 9.014 loading class org/jetbrains/kotlin/diagnostics/WhenMissingCase$Unknown
Event: 9.014 loading class org/jetbrains/kotlin/diagnostics/WhenMissingCase$Unknown done
Event: 9.015 loading class org/jetbrains/kotlin/diagnostics/WhenMissingCase
Event: 9.015 loading class org/jetbrains/kotlin/diagnostics/WhenMissingCase done
Event: 9.016 loading class org/jetbrains/kotlin/resolve/checkers/ConfusingWhenBranchSyntaxChecker
Event: 9.016 loading class org/jetbrains/kotlin/resolve/checkers/ConfusingWhenBranchSyntaxChecker done
Event: 9.032 Executing VM operation: G1CollectForAllocation


Dynamic libraries:
0x00007ff734cf0000 - 0x00007ff734cfa000 	C:\Program Files\Android\Android Studio\jbr\bin\java.exe
0x00007fff095b0000 - 0x00007fff097c4000 	C:\WINDOWS\SYSTEM32\ntdll.dll
0x00007fff07f10000 - 0x00007fff07fd2000 	C:\WINDOWS\System32\KERNEL32.DLL
0x00007fff06d00000 - 0x00007fff070a3000 	C:\WINDOWS\System32\KERNELBASE.dll
0x00007fff070b0000 - 0x00007fff071c1000 	C:\WINDOWS\System32\ucrtbase.dll
0x00007ffedc850000 - 0x00007ffedc86b000 	C:\Program Files\Android\Android Studio\jbr\bin\VCRUNTIME140.dll
0x00007ffee8880000 - 0x00007ffee8897000 	C:\Program Files\Android\Android Studio\jbr\bin\jli.dll
0x00007fff079c0000 - 0x00007fff07b6b000 	C:\WINDOWS\System32\USER32.dll
0x00007fff071d0000 - 0x00007fff071f6000 	C:\WINDOWS\System32\win32u.dll
0x00007ffee6ee0000 - 0x00007ffee716e000 	C:\WINDOWS\WinSxS\amd64_microsoft.windows.common-controls_6595b64144ccf1df_6.0.22621.1635_none_270f70857386168e\COMCTL32.dll
0x00007fff07630000 - 0x00007fff076d7000 	C:\WINDOWS\System32\msvcrt.dll
0x00007fff07e00000 - 0x00007fff07e29000 	C:\WINDOWS\System32\GDI32.dll
0x00007fff07200000 - 0x00007fff07319000 	C:\WINDOWS\System32\gdi32full.dll
0x00007fff06c60000 - 0x00007fff06cfa000 	C:\WINDOWS\System32\msvcp_win.dll
0x00007fff080e0000 - 0x00007fff08111000 	C:\WINDOWS\System32\IMM32.DLL
0x00007ffef1640000 - 0x00007ffef164c000 	C:\Program Files\Android\Android Studio\jbr\bin\vcruntime140_1.dll
0x00007ffec7180000 - 0x00007ffec720d000 	C:\Program Files\Android\Android Studio\jbr\bin\msvcp140.dll
0x00007ffea97a0000 - 0x00007ffeaa35c000 	C:\Program Files\Android\Android Studio\jbr\bin\server\jvm.dll
0x00007fff07390000 - 0x00007fff0743e000 	C:\WINDOWS\System32\ADVAPI32.dll
0x00007fff076e0000 - 0x00007fff07784000 	C:\WINDOWS\System32\sechost.dll
0x00007fff09430000 - 0x00007fff09547000 	C:\WINDOWS\System32\RPCRT4.dll
0x00007fff09550000 - 0x00007fff09558000 	C:\WINDOWS\System32\PSAPI.DLL
0x00007ffefb2e0000 - 0x00007ffefb314000 	C:\WINDOWS\SYSTEM32\WINMM.dll
0x00007ffef9fa0000 - 0x00007ffef9faa000 	C:\WINDOWS\SYSTEM32\VERSION.dll
0x00007ffee96b0000 - 0x00007ffee96b9000 	C:\WINDOWS\SYSTEM32\WSOCK32.dll
0x00007fff07e30000 - 0x00007fff07ea1000 	C:\WINDOWS\System32\WS2_32.dll
0x00007fff05ac0000 - 0x00007fff05ad8000 	C:\WINDOWS\SYSTEM32\kernel.appcore.dll
0x00007ffeff370000 - 0x00007ffeff380000 	C:\Program Files\Android\Android Studio\jbr\bin\verify.dll
0x00007fff03e70000 - 0x00007fff0409e000 	C:\WINDOWS\SYSTEM32\DBGHELP.DLL
0x00007fff08310000 - 0x00007fff08699000 	C:\WINDOWS\System32\combase.dll
0x00007fff07c70000 - 0x00007fff07d47000 	C:\WINDOWS\System32\OLEAUT32.dll
0x00007ffee8de0000 - 0x00007ffee8e12000 	C:\WINDOWS\SYSTEM32\dbgcore.DLL
0x00007fff06b20000 - 0x00007fff06b9b000 	C:\WINDOWS\System32\bcryptPrimitives.dll
0x00007ffeff340000 - 0x00007ffeff368000 	C:\Program Files\Android\Android Studio\jbr\bin\java.dll
0x00007ffeff330000 - 0x00007ffeff33a000 	C:\Program Files\Android\Android Studio\jbr\bin\jimage.dll
0x00007ffed6970000 - 0x00007ffed6988000 	C:\Program Files\Android\Android Studio\jbr\bin\zip.dll
0x00007fff08b20000 - 0x00007fff0931a000 	C:\WINDOWS\System32\SHELL32.dll
0x00007fff04970000 - 0x00007fff0523e000 	C:\WINDOWS\SYSTEM32\windows.storage.dll
0x00007fff04830000 - 0x00007fff0496e000 	C:\WINDOWS\SYSTEM32\wintypes.dll
0x00007fff07fe0000 - 0x00007fff080d1000 	C:\WINDOWS\System32\SHCORE.dll
0x00007fff07eb0000 - 0x00007fff07f0e000 	C:\WINDOWS\System32\shlwapi.dll
0x00007fff068e0000 - 0x00007fff06901000 	C:\WINDOWS\SYSTEM32\profapi.dll
0x00007ffed6950000 - 0x00007ffed6969000 	C:\Program Files\Android\Android Studio\jbr\bin\net.dll
0x00007ffefdbe0000 - 0x00007ffefdd17000 	C:\WINDOWS\SYSTEM32\WINHTTP.dll
0x00007fff05f60000 - 0x00007fff05fc9000 	C:\WINDOWS\system32\mswsock.dll
0x00007ffed6930000 - 0x00007ffed6943000 	C:\Program Files\Android\Android Studio\jbr\bin\nio.dll

dbghelp: loaded successfully - version: 4.0.5 - missing functions: none
symbol engine: initialized successfully - sym options: 0x614 - pdb path: .;C:\Program Files\Android\Android Studio\jbr\bin;C:\WINDOWS\SYSTEM32;C:\WINDOWS\WinSxS\amd64_microsoft.windows.common-controls_6595b64144ccf1df_6.0.22621.1635_none_270f70857386168e;C:\Program Files\Android\Android Studio\jbr\bin\server

VM Arguments:
java_command: org.jetbrains.kotlin.cli.jvm.K2JVMCompiler @C:\Users\drsle\Desktop\gitHUB\Samolet\app\build\20230608_12263045204933753334.compiler.options
java_class_path (initial): C:\Users\drsle\.gradle\caches\modules-2\files-2.1\org.jetbrains.kotlin\kotlin-compiler-embeddable\1.8.0\eb9118d4bcceaa2a94b2ae2a33a4ddba7c9a947f\kotlin-compiler-embeddable-1.8.0.jar;C:\Users\drsle\.gradle\caches\modules-2\files-2.1\org.jetbrains.kotlin\kotlin-stdlib\1.8.0\1796921c7a3e2e2665a83e6c8d33399336cd39bc\kotlin-stdlib-1.8.0.jar;C:\Users\drsle\.gradle\caches\modules-2\files-2.1\org.jetbrains.kotlin\kotlin-script-runtime\1.8.0\b2f7e760d283cb339974851c222a4c1d48f2d3d\kotlin-script-runtime-1.8.0.jar;C:\Users\drsle\.gradle\caches\modules-2\files-2.1\org.jetbrains.kotlin\kotlin-reflect\1.6.10\1cbe9c92c12a94eea200d23c2bbaedaf3daf5132\kotlin-reflect-1.6.10.jar;C:\Users\drsle\.gradle\caches\modules-2\files-2.1\org.jetbrains.kotlin\kotlin-daemon-embeddable\1.8.0\d255216c551685dc3a7e852b53617f5f01aaaa5c\kotlin-daemon-embeddable-1.8.0.jar;C:\Users\drsle\.gradle\caches\modules-2\files-2.1\org.jetbrains.intellij.deps\trove4j\1.0.20200330\3afb14d5f9ceb459d724e907a21145e8ff394f02\trove4j-1.0.20200330.jar;C:\Users\drsle\.gradle\caches\modules-2\files-2.1\net.java.dev.jna\jna\5.6.0\330f2244e9030119ab3030fc3fededc86713d9cc\jna-5.6.0.jar;C:\Users\drsle\.gradle\caches\modules-2\files-2.1\org.jetbrains.kotlin\kotlin-stdlib-common\1.8.0\f7197e7cc76453ac59f8b0f8d5137cc600becd36\kotlin-stdlib-common-1.8.0.jar;C:\Users\drsle\.gradle\caches\modules-2\files-2.1\org.jetbrains\annotations\13.0\919f0dfe192fb4e063e7dacadee7f8bb9a2672a9\annotations-13.0.jar
Launcher Type: SUN_STANDARD

[Global flags]
     intx CICompilerCount                          = 4                                         {product} {ergonomic}
     uint ConcGCThreads                            = 2                                         {product} {ergonomic}
     uint G1ConcRefinementThreads                  = 8                                         {product} {ergonomic}
   size_t G1HeapRegionSize                         = 1048576                                   {product} {ergonomic}
    uintx GCDrainStackTargetSize                   = 64                                        {product} {ergonomic}
   size_t InitialHeapSize                          = 130023424                                 {product} {ergonomic}
   size_t MarkStackSize                            = 4194304                                   {product} {ergonomic}
   size_t MaxHeapSize                              = 2063597568                                {product} {ergonomic}
   size_t MaxNewSize                               = 1237319680                                {product} {ergonomic}
   size_t MinHeapDeltaBytes                        = 1048576                                   {product} {ergonomic}
    uintx NonNMethodCodeHeapSize                   = 5836300                                {pd product} {ergonomic}
    uintx NonProfiledCodeHeapSize                  = 122910970                              {pd product} {ergonomic}
    uintx ProfiledCodeHeapSize                     = 122910970                              {pd product} {ergonomic}
    uintx ReservedCodeCacheSize                    = 251658240                              {pd product} {ergonomic}
     bool SegmentedCodeCache                       = true                                      {product} {ergonomic}
     bool UseCompressedClassPointers               = true                                 {lp64_product} {ergonomic}
     bool UseCompressedOops                        = true                                 {lp64_product} {ergonomic}
     bool UseG1GC                                  = true                                      {product} {ergonomic}
     bool UseLargePagesIndividualAllocation        = false                                  {pd product} {ergonomic}

Logging:
Log output configuration:
 #0: stdout all=warning uptime,level,tags
 #1: stderr all=off uptime,level,tags

Environment Variables:
PATH=C:\Program Files (x86)\NVIDIA Corporation\PhysX\Common;C:\WINDOWS\system32;C:\WINDOWS;C:\WINDOWS\System32\Wbem;C:\WINDOWS\System32\WindowsPowerShell\v1.0\;C:\WINDOWS\System32\OpenSSH\;C:\Program Files\Git\cmd;C:\Users\drsle\AppData\Local\Microsoft\WindowsApps;C:\Users\drsle\AppData\Local\Programs\Microsoft VS Code\bin
USERNAME=drsle
OS=Windows_NT
PROCESSOR_IDENTIFIER=Intel64 Family 6 Model 140 Stepping 1, GenuineIntel



---------------  S Y S T E M  ---------------

OS: Windows 11 , 64 bit Build 22621 (10.0.22621.1778)
OS uptime: 0 days 1:37 hours
Hyper-V role detected

CPU:total 8 (initial active 8) (4 cores per cpu, 2 threads per core) family 6 model 140 stepping 1 microcode 0x9a, cmov, cx8, fxsr, mmx, sse, sse2, sse3, ssse3, sse4.1, sse4.2, popcnt, avx, avx2, aes, clmul, erms, 3dnowpref, lzcnt, ht, tsc, tscinvbit, bmi1, bmi2, adx, evex, sha, fma

Memory: 4k page, system-wide physical 7865M (846M free)
TotalPageFile size 13865M (AvailPageFile size 18M)
current process WorkingSet (physical memory assigned to process): 369M, peak: 371M
current process commit charge ("private bytes"): 413M, peak: 466M

vm_info: OpenJDK 64-Bit Server VM (11.0.15+0-b2043.56-9505619) for windows-amd64 JRE (11.0.15+0-b2043.56-9505619), built on Jan 19 2023 02:48:00 by "builduser" with unknown MS VC++:1929

END.
